Arguments: 
  /home/daviribeiro/.asdf/installs/nodejs/16.15.0/bin/node /home/daviribeiro/.asdf/installs/yarn/1.22.19/bin/yarn.js init

PATH: 
  /home/daviribeiro/.asdf/plugins/nodejs/shims:/home/daviribeiro/.asdf/installs/nodejs/16.15.0/.npm/bin:/home/daviribeiro/.asdf/installs/nodejs/16.15.0/bin:/home/daviribeiro/.asdf/installs/yarn/1.22.19/bin:/home/daviribeiro/.local/share/zinit/polaris/bin:/home/daviribeiro/.asdf/shims:/home/daviribeiro/.asdf/bin:/usr/local/sbin:/usr/local/bin:/usr/sbin:/usr/bin:/sbin:/bin:/usr/games:/usr/local/games:/snap/bin:/home/daviribeiro/Android/Sdk/emulator:/home/daviribeiro/Android/Sdk/tools:/home/daviribeiro/Android/Sdk/tools/bin:/home/daviribeiro/Android/Sdk/platform-tools:/home/daviribeiro/android-studio/bin:/home/daviribeiro/webStorm/bin/alias:/usr/local/go/bin:/home/linuxbrew/.linuxbrew/bin:/home/daviribeiro/.cargo/bin:/home/daviribeiro/.local/bin

Yarn version: 
  1.22.19

Node version: 
  16.15.0

Platform: 
  linux x64

Trace: 
  Error: canceled
      at Interface.<anonymous> (/home/daviribeiro/.asdf/installs/yarn/1.22.19/lib/cli.js:137150:13)
      at Interface.emit (node:events:527:28)
      at Interface._ttyWrite (node:readline:1081:16)
      at ReadStream.onkeypress (node:readline:288:10)
      at ReadStream.emit (node:events:527:28)
      at emitKeys (node:internal/readline/utils:358:14)
      at emitKeys.next (<anonymous>)
      at ReadStream.onData (node:internal/readline/emitKeypressEvents:61:36)
      at ReadStream.emit (node:events:527:28)
      at addChunk (node:internal/streams/readable:315:12)

npm manifest: 
  No manifest

yarn manifest: 
  No manifest

Lockfile: 
  # THIS IS AN AUTOGENERATED FILE. DO NOT EDIT THIS FILE DIRECTLY.
  # yarn lockfile v1
